{"/home/dhrkp/react/blinkist-clone/src/App.js": {"path":"/home/dhrkp/react/blinkist-clone/src/App.js","statementMap":{"0":{"start":{"line":12,"column":15},"end":{"line":12,"column":49}},"1":{"start":{"line":13,"column":17},"end":{"line":13,"column":54}},"2":{"start":{"line":19,"column":93},"end":{"line":19,"column":103}},"3":{"start":{"line":20,"column":69},"end":{"line":20,"column":88}},"4":{"start":{"line":22,"column":16},"end":{"line":28,"column":3}},"5":{"start":{"line":30,"column":2},"end":{"line":42,"column":4}}},"fnMap":{"0":{"name":"App","decl":{"start":{"line":17,"column":9},"end":{"line":17,"column":12}},"loc":{"start":{"line":17,"column":15},"end":{"line":43,"column":1}},"line":17}},"branchMap":{},"s":{"0":0,"1":0,"2":0,"3":0,"4":0,"5":0},"f":{"0":0},"b":{}}
,"/home/dhrkp/react/blinkist-clone/src/index.js": {"path":"/home/dhrkp/react/blinkist-clone/src/index.js","statementMap":{"0":{"start":{"line":6,"column":0},"end":{"line":9,"column":2}}},"fnMap":{},"branchMap":{},"s":{"0":0},"f":{},"b":{}}
,"/home/dhrkp/react/blinkist-clone/src/Theme/Theme.js": {"path":"/home/dhrkp/react/blinkist-clone/src/Theme/Theme.js","statementMap":{"0":{"start":{"line":4,"column":28},"end":{"line":4,"column":37}},"1":{"start":{"line":5,"column":30},"end":{"line":5,"column":39}},"2":{"start":{"line":6,"column":29},"end":{"line":6,"column":38}},"3":{"start":{"line":7,"column":27},"end":{"line":7,"column":36}},"4":{"start":{"line":8,"column":18},"end":{"line":8,"column":27}},"5":{"start":{"line":11,"column":21},"end":{"line":274,"column":2}}},"fnMap":{},"branchMap":{},"s":{"0":4,"1":4,"2":4,"3":4,"4":4,"5":4},"f":{},"b":{},"_coverageSchema":"1a1c01bbd47fc00a2c39e90264f33305004495a9","hash":"21147e6fce9a97fa4ef7d03eb913ae129e4c43b4"}
,"/home/dhrkp/react/blinkist-clone/src/assets/icons.js": {"path":"/home/dhrkp/react/blinkist-clone/src/assets/icons.js","statementMap":{"0":{"start":{"line":9,"column":14},"end":{"line":61,"column":1}}},"fnMap":{},"branchMap":{},"s":{"0":12},"f":{},"b":{},"_coverageSchema":"1a1c01bbd47fc00a2c39e90264f33305004495a9","hash":"3cb121858dad5b16f94be83e3ee1e7bac1738f7e"}
,"/home/dhrkp/react/blinkist-clone/src/component/Organism/CardsInTabs/CardsInTabs.js": {"path":"/home/dhrkp/react/blinkist-clone/src/component/Organism/CardsInTabs/CardsInTabs.js","statementMap":{"0":{"start":{"line":6,"column":20},"end":{"line":26,"column":1}},"1":{"start":{"line":7,"column":40},"end":{"line":7,"column":57}},"2":{"start":{"line":9,"column":25},"end":{"line":11,"column":5}},"3":{"start":{"line":10,"column":8},"end":{"line":10,"column":32}},"4":{"start":{"line":15,"column":4},"end":{"line":25,"column":6}}},"fnMap":{"0":{"name":"(anonymous_0)","decl":{"start":{"line":6,"column":20},"end":{"line":6,"column":21}},"loc":{"start":{"line":6,"column":31},"end":{"line":26,"column":1}},"line":6},"1":{"name":"(anonymous_1)","decl":{"start":{"line":9,"column":25},"end":{"line":9,"column":26}},"loc":{"start":{"line":9,"column":46},"end":{"line":11,"column":5}},"line":9}},"branchMap":{},"s":{"0":2,"1":10,"2":8,"3":1,"4":8},"f":{"0":10,"1":1},"b":{},"_coverageSchema":"1a1c01bbd47fc00a2c39e90264f33305004495a9","hash":"67dd0c1e57376f75b41b09f51c48bb36121d1187"}
,"/home/dhrkp/react/blinkist-clone/src/component/Organism/DropDownMenu/DropDownMenu.js": {"path":"/home/dhrkp/react/blinkist-clone/src/component/Organism/DropDownMenu/DropDownMenu.js","statementMap":{"0":{"start":{"line":9,"column":21},"end":{"line":67,"column":1}},"1":{"start":{"line":11,"column":27},"end":{"line":11,"column":46}},"2":{"start":{"line":13,"column":36},"end":{"line":13,"column":56}},"3":{"start":{"line":15,"column":24},"end":{"line":17,"column":5}},"4":{"start":{"line":16,"column":8},"end":{"line":16,"column":41}},"5":{"start":{"line":19,"column":24},"end":{"line":21,"column":5}},"6":{"start":{"line":20,"column":8},"end":{"line":20,"column":26}},"7":{"start":{"line":23,"column":26},"end":{"line":27,"column":5}},"8":{"start":{"line":24,"column":8},"end":{"line":24,"column":47}},"9":{"start":{"line":25,"column":8},"end":{"line":25,"column":43}},"10":{"start":{"line":26,"column":8},"end":{"line":26,"column":26}},"11":{"start":{"line":29,"column":35},"end":{"line":29,"column":40}},"12":{"start":{"line":31,"column":4},"end":{"line":66,"column":6}},"13":{"start":{"line":53,"column":28},"end":{"line":60,"column":30}},"14":{"start":{"line":54,"column":47},"end":{"line":54,"column":70}}},"fnMap":{"0":{"name":"(anonymous_0)","decl":{"start":{"line":9,"column":21},"end":{"line":9,"column":22}},"loc":{"start":{"line":9,"column":32},"end":{"line":67,"column":1}},"line":9},"1":{"name":"(anonymous_1)","decl":{"start":{"line":15,"column":24},"end":{"line":15,"column":25}},"loc":{"start":{"line":15,"column":35},"end":{"line":17,"column":5}},"line":15},"2":{"name":"(anonymous_2)","decl":{"start":{"line":19,"column":24},"end":{"line":19,"column":25}},"loc":{"start":{"line":19,"column":30},"end":{"line":21,"column":5}},"line":19},"3":{"name":"(anonymous_3)","decl":{"start":{"line":23,"column":26},"end":{"line":23,"column":27}},"loc":{"start":{"line":23,"column":40},"end":{"line":27,"column":5}},"line":23},"4":{"name":"(anonymous_4)","decl":{"start":{"line":52,"column":40},"end":{"line":52,"column":41}},"loc":{"start":{"line":53,"column":28},"end":{"line":60,"column":30}},"line":53},"5":{"name":"(anonymous_5)","decl":{"start":{"line":54,"column":41},"end":{"line":54,"column":42}},"loc":{"start":{"line":54,"column":47},"end":{"line":54,"column":70}},"line":54}},"branchMap":{},"s":{"0":4,"1":31,"2":27,"3":27,"4":3,"5":27,"6":3,"7":27,"8":2,"9":2,"10":2,"11":27,"12":27,"13":162,"14":2},"f":{"0":31,"1":3,"2":3,"3":2,"4":162,"5":2},"b":{},"_coverageSchema":"1a1c01bbd47fc00a2c39e90264f33305004495a9","hash":"b5c2e44645dba0db497347e36785291589aee4aa"}
,"/home/dhrkp/react/blinkist-clone/src/component/Organism/Form/Form.js": {"path":"/home/dhrkp/react/blinkist-clone/src/component/Organism/Form/Form.js","statementMap":{"0":{"start":{"line":5,"column":20},"end":{"line":5,"column":41}},"1":{"start":{"line":7,"column":20},"end":{"line":55,"column":1}},"2":{"start":{"line":9,"column":4},"end":{"line":16,"column":6}},"3":{"start":{"line":10,"column":8},"end":{"line":10,"column":27}},"4":{"start":{"line":11,"column":29},"end":{"line":11,"column":61}},"5":{"start":{"line":12,"column":8},"end":{"line":15,"column":11}},"6":{"start":{"line":18,"column":4},"end":{"line":54,"column":6}},"7":{"start":{"line":27,"column":34},"end":{"line":27,"column":69}},"8":{"start":{"line":35,"column":34},"end":{"line":35,"column":70}},"9":{"start":{"line":41,"column":34},"end":{"line":41,"column":68}},"10":{"start":{"line":50,"column":34},"end":{"line":50,"column":72}}},"fnMap":{"0":{"name":"(anonymous_0)","decl":{"start":{"line":7,"column":20},"end":{"line":7,"column":21}},"loc":{"start":{"line":7,"column":31},"end":{"line":55,"column":1}},"line":7},"1":{"name":"(anonymous_1)","decl":{"start":{"line":9,"column":24},"end":{"line":9,"column":25}},"loc":{"start":{"line":9,"column":41},"end":{"line":16,"column":5}},"line":9},"2":{"name":"(anonymous_2)","decl":{"start":{"line":27,"column":26},"end":{"line":27,"column":27}},"loc":{"start":{"line":27,"column":33},"end":{"line":27,"column":70}},"line":27},"3":{"name":"(anonymous_3)","decl":{"start":{"line":35,"column":26},"end":{"line":35,"column":27}},"loc":{"start":{"line":35,"column":33},"end":{"line":35,"column":71}},"line":35},"4":{"name":"(anonymous_4)","decl":{"start":{"line":41,"column":26},"end":{"line":41,"column":27}},"loc":{"start":{"line":41,"column":33},"end":{"line":41,"column":69}},"line":41},"5":{"name":"(anonymous_5)","decl":{"start":{"line":50,"column":26},"end":{"line":50,"column":27}},"loc":{"start":{"line":50,"column":33},"end":{"line":50,"column":73}},"line":50}},"branchMap":{},"s":{"0":5,"1":5,"2":19,"3":2,"4":2,"5":2,"6":19,"7":4,"8":4,"9":2,"10":4},"f":{"0":19,"1":2,"2":4,"3":4,"4":2,"5":4},"b":{},"_coverageSchema":"1a1c01bbd47fc00a2c39e90264f33305004495a9","hash":"3fe6bc83e1fcd85358a4b5969e47a5bc48b1e748"}
,"/home/dhrkp/react/blinkist-clone/src/component/Organism/FormDialogueBox/FormDialogueBox.js": {"path":"/home/dhrkp/react/blinkist-clone/src/component/Organism/FormDialogueBox/FormDialogueBox.js","statementMap":{"0":{"start":{"line":15,"column":20},"end":{"line":15,"column":55}},"1":{"start":{"line":18,"column":15},"end":{"line":38,"column":2}},"2":{"start":{"line":18,"column":25},"end":{"line":38,"column":1}},"3":{"start":{"line":40,"column":24},"end":{"line":134,"column":1}},"4":{"start":{"line":42,"column":37},"end":{"line":42,"column":56}},"5":{"start":{"line":44,"column":24},"end":{"line":44,"column":29}},"6":{"start":{"line":46,"column":38},"end":{"line":46,"column":50}},"7":{"start":{"line":47,"column":40},"end":{"line":47,"column":52}},"8":{"start":{"line":48,"column":44},"end":{"line":48,"column":55}},"9":{"start":{"line":49,"column":36},"end":{"line":49,"column":81}},"10":{"start":{"line":50,"column":28},"end":{"line":50,"column":49}},"11":{"start":{"line":52,"column":4},"end":{"line":54,"column":6}},"12":{"start":{"line":53,"column":8},"end":{"line":53,"column":40}},"13":{"start":{"line":56,"column":28},"end":{"line":58,"column":5}},"14":{"start":{"line":57,"column":8},"end":{"line":57,"column":22}},"15":{"start":{"line":60,"column":24},"end":{"line":62,"column":5}},"16":{"start":{"line":61,"column":8},"end":{"line":61,"column":23}},"17":{"start":{"line":64,"column":21},"end":{"line":78,"column":5}},"18":{"start":{"line":65,"column":8},"end":{"line":65,"column":27}},"19":{"start":{"line":67,"column":8},"end":{"line":70,"column":9}},"20":{"start":{"line":68,"column":12},"end":{"line":68,"column":31}},"21":{"start":{"line":69,"column":12},"end":{"line":69,"column":20}},"22":{"start":{"line":72,"column":8},"end":{"line":72,"column":70}},"23":{"start":{"line":74,"column":8},"end":{"line":74,"column":25}},"24":{"start":{"line":75,"column":8},"end":{"line":75,"column":26}},"25":{"start":{"line":76,"column":8},"end":{"line":76,"column":23}},"26":{"start":{"line":77,"column":8},"end":{"line":77,"column":27}},"27":{"start":{"line":80,"column":4},"end":{"line":93,"column":6}},"28":{"start":{"line":81,"column":8},"end":{"line":81,"column":118}},"29":{"start":{"line":82,"column":20},"end":{"line":88,"column":10}},"30":{"start":{"line":90,"column":21},"end":{"line":90,"column":37}},"31":{"start":{"line":92,"column":8},"end":{"line":92,"column":41}},"32":{"start":{"line":95,"column":4},"end":{"line":133,"column":6}}},"fnMap":{"0":{"name":"(anonymous_0)","decl":{"start":{"line":18,"column":15},"end":{"line":18,"column":16}},"loc":{"start":{"line":18,"column":25},"end":{"line":38,"column":1}},"line":18},"1":{"name":"(anonymous_1)","decl":{"start":{"line":40,"column":24},"end":{"line":40,"column":25}},"loc":{"start":{"line":40,"column":35},"end":{"line":134,"column":1}},"line":40},"2":{"name":"(anonymous_2)","decl":{"start":{"line":52,"column":23},"end":{"line":52,"column":24}},"loc":{"start":{"line":52,"column":29},"end":{"line":54,"column":5}},"line":52},"3":{"name":"(anonymous_3)","decl":{"start":{"line":56,"column":28},"end":{"line":56,"column":29}},"loc":{"start":{"line":56,"column":34},"end":{"line":58,"column":5}},"line":56},"4":{"name":"(anonymous_4)","decl":{"start":{"line":60,"column":24},"end":{"line":60,"column":25}},"loc":{"start":{"line":60,"column":30},"end":{"line":62,"column":5}},"line":60},"5":{"name":"(anonymous_5)","decl":{"start":{"line":64,"column":21},"end":{"line":64,"column":22}},"loc":{"start":{"line":64,"column":27},"end":{"line":78,"column":5}},"line":64},"6":{"name":"(anonymous_6)","decl":{"start":{"line":80,"column":19},"end":{"line":80,"column":20}},"loc":{"start":{"line":80,"column":35},"end":{"line":93,"column":5}},"line":80}},"branchMap":{"0":{"loc":{"start":{"line":67,"column":8},"end":{"line":70,"column":9}},"type":"if","locations":[{"start":{"line":67,"column":8},"end":{"line":70,"column":9}},{"start":{"line":67,"column":8},"end":{"line":70,"column":9}}],"line":67}},"s":{"0":4,"1":4,"2":18,"3":4,"4":44,"5":43,"6":43,"7":43,"8":43,"9":43,"10":43,"11":43,"12":1,"13":43,"14":5,"15":43,"16":1,"17":43,"18":2,"19":2,"20":1,"21":1,"22":1,"23":1,"24":1,"25":1,"26":1,"27":43,"28":1,"29":0,"30":0,"31":0,"32":43},"f":{"0":18,"1":44,"2":1,"3":5,"4":1,"5":2,"6":1},"b":{"0":[1,1]},"_coverageSchema":"1a1c01bbd47fc00a2c39e90264f33305004495a9","hash":"2eced69848b9458074872685b6add8a0f8caf6be"}
,"/home/dhrkp/react/blinkist-clone/src/component/Organism/NavBar/IntegratedNavBar.js": {"path":"/home/dhrkp/react/blinkist-clone/src/component/Organism/NavBar/IntegratedNavBar.js","statementMap":{"0":{"start":{"line":7,"column":25},"end":{"line":31,"column":1}},"1":{"start":{"line":9,"column":30},"end":{"line":9,"column":49}},"2":{"start":{"line":12,"column":46},"end":{"line":12,"column":61}},"3":{"start":{"line":14,"column":25},"end":{"line":17,"column":5}},"4":{"start":{"line":15,"column":8},"end":{"line":15,"column":41}},"5":{"start":{"line":16,"column":8},"end":{"line":16,"column":26}},"6":{"start":{"line":19,"column":4},"end":{"line":30,"column":6}}},"fnMap":{"0":{"name":"(anonymous_0)","decl":{"start":{"line":7,"column":25},"end":{"line":7,"column":26}},"loc":{"start":{"line":7,"column":58},"end":{"line":31,"column":1}},"line":7},"1":{"name":"(anonymous_1)","decl":{"start":{"line":14,"column":25},"end":{"line":14,"column":26}},"loc":{"start":{"line":14,"column":31},"end":{"line":17,"column":5}},"line":14}},"branchMap":{"0":{"loc":{"start":{"line":21,"column":13},"end":{"line":27,"column":18}},"type":"cond-expr","locations":[{"start":{"line":22,"column":16},"end":{"line":23,"column":70}},{"start":{"line":25,"column":16},"end":{"line":27,"column":18}}],"line":21}},"s":{"0":2,"1":14,"2":14,"3":14,"4":2,"5":2,"6":14},"f":{"0":14,"1":2},"b":{"0":[12,2]},"_coverageSchema":"1a1c01bbd47fc00a2c39e90264f33305004495a9","hash":"fcf0d3ece6bd58788b928067cf441ed2c5ef9268"}
,"/home/dhrkp/react/blinkist-clone/src/component/Organism/NavBar/NavBar.js": {"path":"/home/dhrkp/react/blinkist-clone/src/component/Organism/NavBar/NavBar.js","statementMap":{"0":{"start":{"line":13,"column":15},"end":{"line":53,"column":1}},"1":{"start":{"line":15,"column":30},"end":{"line":15,"column":57}},"2":{"start":{"line":16,"column":23},"end":{"line":16,"column":26}},"3":{"start":{"line":17,"column":51},"end":{"line":17,"column":61}},"4":{"start":{"line":19,"column":4},"end":{"line":23,"column":11}},"5":{"start":{"line":20,"column":35},"end":{"line":20,"column":68}},"6":{"start":{"line":20,"column":41},"end":{"line":20,"column":68}},"7":{"start":{"line":21,"column":8},"end":{"line":21,"column":77}},"8":{"start":{"line":21,"column":48},"end":{"line":21,"column":75}},"9":{"start":{"line":22,"column":8},"end":{"line":22,"column":78}},"10":{"start":{"line":22,"column":21},"end":{"line":22,"column":77}},"11":{"start":{"line":25,"column":26},"end":{"line":27,"column":5}},"12":{"start":{"line":26,"column":8},"end":{"line":26,"column":32}},"13":{"start":{"line":28,"column":4},"end":{"line":52,"column":6}},"14":{"start":{"line":48,"column":117},"end":{"line":48,"column":136}}},"fnMap":{"0":{"name":"(anonymous_0)","decl":{"start":{"line":13,"column":15},"end":{"line":13,"column":16}},"loc":{"start":{"line":13,"column":26},"end":{"line":53,"column":1}},"line":13},"1":{"name":"(anonymous_1)","decl":{"start":{"line":19,"column":14},"end":{"line":19,"column":15}},"loc":{"start":{"line":19,"column":20},"end":{"line":23,"column":5}},"line":19},"2":{"name":"(anonymous_2)","decl":{"start":{"line":20,"column":35},"end":{"line":20,"column":36}},"loc":{"start":{"line":20,"column":41},"end":{"line":20,"column":68}},"line":20},"3":{"name":"(anonymous_3)","decl":{"start":{"line":21,"column":42},"end":{"line":21,"column":43}},"loc":{"start":{"line":21,"column":48},"end":{"line":21,"column":75}},"line":21},"4":{"name":"(anonymous_4)","decl":{"start":{"line":22,"column":15},"end":{"line":22,"column":16}},"loc":{"start":{"line":22,"column":21},"end":{"line":22,"column":77}},"line":22},"5":{"name":"(anonymous_5)","decl":{"start":{"line":25,"column":26},"end":{"line":25,"column":27}},"loc":{"start":{"line":25,"column":31},"end":{"line":27,"column":5}},"line":25},"6":{"name":"(anonymous_6)","decl":{"start":{"line":48,"column":111},"end":{"line":48,"column":112}},"loc":{"start":{"line":48,"column":117},"end":{"line":48,"column":136}},"line":48}},"branchMap":{"0":{"loc":{"start":{"line":31,"column":17},"end":{"line":33,"column":72}},"type":"cond-expr","locations":[{"start":{"line":32,"column":20},"end":{"line":32,"column":74}},{"start":{"line":33,"column":20},"end":{"line":33,"column":72}}],"line":31},"1":{"loc":{"start":{"line":47,"column":13},"end":{"line":49,"column":29}},"type":"cond-expr","locations":[{"start":{"line":48,"column":16},"end":{"line":48,"column":140}},{"start":{"line":49,"column":18},"end":{"line":49,"column":29}}],"line":47}},"s":{"0":3,"1":23,"2":20,"3":20,"4":20,"5":12,"6":0,"7":12,"8":3,"9":12,"10":12,"11":20,"12":1,"13":20,"14":1},"f":{"0":23,"1":12,"2":0,"3":3,"4":12,"5":1,"6":1},"b":{"0":[2,18],"1":[17,3]},"_coverageSchema":"1a1c01bbd47fc00a2c39e90264f33305004495a9","hash":"bb7bf068cb9dec87c3a7ee4259b5f6e9c8219e69"}
,"/home/dhrkp/react/blinkist-clone/src/component/Organism/NavBar/NavBarWithSearch.js": {"path":"/home/dhrkp/react/blinkist-clone/src/component/Organism/NavBar/NavBarWithSearch.js","statementMap":{"0":{"start":{"line":11,"column":25},"end":{"line":49,"column":1}},"1":{"start":{"line":12,"column":42},"end":{"line":12,"column":61}},"2":{"start":{"line":13,"column":30},"end":{"line":13,"column":57}},"3":{"start":{"line":14,"column":23},"end":{"line":14,"column":26}},"4":{"start":{"line":15,"column":51},"end":{"line":15,"column":61}},"5":{"start":{"line":17,"column":4},"end":{"line":21,"column":11}},"6":{"start":{"line":18,"column":35},"end":{"line":18,"column":68}},"7":{"start":{"line":18,"column":41},"end":{"line":18,"column":68}},"8":{"start":{"line":19,"column":8},"end":{"line":19,"column":77}},"9":{"start":{"line":19,"column":48},"end":{"line":19,"column":75}},"10":{"start":{"line":20,"column":8},"end":{"line":20,"column":78}},"11":{"start":{"line":20,"column":21},"end":{"line":20,"column":77}},"12":{"start":{"line":23,"column":25},"end":{"line":25,"column":5}},"13":{"start":{"line":24,"column":8},"end":{"line":24,"column":38}},"14":{"start":{"line":27,"column":4},"end":{"line":48,"column":6}},"15":{"start":{"line":44,"column":117},"end":{"line":44,"column":136}}},"fnMap":{"0":{"name":"(anonymous_0)","decl":{"start":{"line":11,"column":25},"end":{"line":11,"column":26}},"loc":{"start":{"line":11,"column":36},"end":{"line":49,"column":1}},"line":11},"1":{"name":"(anonymous_1)","decl":{"start":{"line":17,"column":14},"end":{"line":17,"column":15}},"loc":{"start":{"line":17,"column":20},"end":{"line":21,"column":5}},"line":17},"2":{"name":"(anonymous_2)","decl":{"start":{"line":18,"column":35},"end":{"line":18,"column":36}},"loc":{"start":{"line":18,"column":41},"end":{"line":18,"column":68}},"line":18},"3":{"name":"(anonymous_3)","decl":{"start":{"line":19,"column":42},"end":{"line":19,"column":43}},"loc":{"start":{"line":19,"column":48},"end":{"line":19,"column":75}},"line":19},"4":{"name":"(anonymous_4)","decl":{"start":{"line":20,"column":15},"end":{"line":20,"column":16}},"loc":{"start":{"line":20,"column":21},"end":{"line":20,"column":77}},"line":20},"5":{"name":"(anonymous_5)","decl":{"start":{"line":23,"column":25},"end":{"line":23,"column":26}},"loc":{"start":{"line":23,"column":32},"end":{"line":25,"column":5}},"line":23},"6":{"name":"(anonymous_6)","decl":{"start":{"line":44,"column":111},"end":{"line":44,"column":112}},"loc":{"start":{"line":44,"column":117},"end":{"line":44,"column":136}},"line":44}},"branchMap":{"0":{"loc":{"start":{"line":30,"column":17},"end":{"line":32,"column":79}},"type":"cond-expr","locations":[{"start":{"line":31,"column":20},"end":{"line":31,"column":81}},{"start":{"line":32,"column":20},"end":{"line":32,"column":79}}],"line":30},"1":{"loc":{"start":{"line":43,"column":13},"end":{"line":45,"column":29}},"type":"cond-expr","locations":[{"start":{"line":44,"column":16},"end":{"line":44,"column":140}},{"start":{"line":45,"column":18},"end":{"line":45,"column":29}}],"line":43}},"s":{"0":3,"1":14,"2":11,"3":11,"4":11,"5":11,"6":9,"7":0,"8":9,"9":3,"10":9,"11":9,"12":11,"13":2,"14":11,"15":1},"f":{"0":14,"1":9,"2":0,"3":3,"4":9,"5":2,"6":1},"b":{"0":[2,9],"1":[8,3]},"_coverageSchema":"1a1c01bbd47fc00a2c39e90264f33305004495a9","hash":"a8713b33ffe48e985f7fd966151469983dae9466"}
,"/home/dhrkp/react/blinkist-clone/src/component/Organism/Profile/Profile.js": {"path":"/home/dhrkp/react/blinkist-clone/src/component/Organism/Profile/Profile.js","statementMap":{"0":{"start":{"line":11,"column":19},"end":{"line":15,"column":1}},"1":{"start":{"line":17,"column":14},"end":{"line":54,"column":1}},"2":{"start":{"line":18,"column":36},"end":{"line":18,"column":56}},"3":{"start":{"line":20,"column":24},"end":{"line":22,"column":5}},"4":{"start":{"line":21,"column":8},"end":{"line":21,"column":41}},"5":{"start":{"line":24,"column":24},"end":{"line":26,"column":5}},"6":{"start":{"line":25,"column":8},"end":{"line":25,"column":26}},"7":{"start":{"line":28,"column":43},"end":{"line":28,"column":53}},"8":{"start":{"line":31,"column":4},"end":{"line":53,"column":6}},"9":{"start":{"line":48,"column":45},"end":{"line":48,"column":89}}},"fnMap":{"0":{"name":"(anonymous_0)","decl":{"start":{"line":17,"column":14},"end":{"line":17,"column":15}},"loc":{"start":{"line":17,"column":18},"end":{"line":54,"column":1}},"line":17},"1":{"name":"(anonymous_1)","decl":{"start":{"line":20,"column":24},"end":{"line":20,"column":25}},"loc":{"start":{"line":20,"column":35},"end":{"line":22,"column":5}},"line":20},"2":{"name":"(anonymous_2)","decl":{"start":{"line":24,"column":24},"end":{"line":24,"column":25}},"loc":{"start":{"line":24,"column":30},"end":{"line":26,"column":5}},"line":24},"3":{"name":"(anonymous_3)","decl":{"start":{"line":48,"column":39},"end":{"line":48,"column":40}},"loc":{"start":{"line":48,"column":45},"end":{"line":48,"column":89}},"line":48}},"branchMap":{"0":{"loc":{"start":{"line":32,"column":8},"end":{"line":52,"column":5}},"type":"binary-expr","locations":[{"start":{"line":32,"column":8},"end":{"line":32,"column":23}},{"start":{"line":33,"column":8},"end":{"line":51,"column":14}}],"line":32}},"s":{"0":4,"1":4,"2":12,"3":10,"4":2,"5":10,"6":2,"7":10,"8":10,"9":2},"f":{"0":12,"1":2,"2":2,"3":2},"b":{"0":[10,10]},"_coverageSchema":"1a1c01bbd47fc00a2c39e90264f33305004495a9","hash":"dfc237372e4371eefa5798f8b7ca8f938e69db86"}
,"/home/dhrkp/react/blinkist-clone/src/component/atom/InputFields/FormInputField.js": {"path":"/home/dhrkp/react/blinkist-clone/src/component/atom/InputFields/FormInputField.js","statementMap":{"0":{"start":{"line":6,"column":23},"end":{"line":24,"column":1}},"1":{"start":{"line":7,"column":35},"end":{"line":7,"column":40}},"2":{"start":{"line":8,"column":4},"end":{"line":23,"column":6}}},"fnMap":{"0":{"name":"(anonymous_0)","decl":{"start":{"line":6,"column":23},"end":{"line":6,"column":24}},"loc":{"start":{"line":6,"column":34},"end":{"line":24,"column":1}},"line":6}},"branchMap":{},"s":{"0":6,"1":56,"2":56},"f":{"0":56},"b":{},"_coverageSchema":"1a1c01bbd47fc00a2c39e90264f33305004495a9","hash":"526db94ce27685e4d5afc59bd2256c73881cf6f6"}
,"/home/dhrkp/react/blinkist-clone/src/component/atom/InputFields/FormSelectField.js": {"path":"/home/dhrkp/react/blinkist-clone/src/component/atom/InputFields/FormSelectField.js","statementMap":{"0":{"start":{"line":9,"column":24},"end":{"line":29,"column":1}},"1":{"start":{"line":10,"column":35},"end":{"line":10,"column":40}},"2":{"start":{"line":12,"column":27},"end":{"line":12,"column":46}},"3":{"start":{"line":13,"column":4},"end":{"line":28,"column":6}},"4":{"start":{"line":25,"column":54},"end":{"line":25,"column":122}}},"fnMap":{"0":{"name":"(anonymous_0)","decl":{"start":{"line":9,"column":24},"end":{"line":9,"column":25}},"loc":{"start":{"line":9,"column":35},"end":{"line":29,"column":1}},"line":9},"1":{"name":"(anonymous_1)","decl":{"start":{"line":25,"column":32},"end":{"line":25,"column":33}},"loc":{"start":{"line":25,"column":54},"end":{"line":25,"column":122}},"line":25}},"branchMap":{},"s":{"0":6,"1":21,"2":20,"3":20,"4":116},"f":{"0":21,"1":116},"b":{},"_coverageSchema":"1a1c01bbd47fc00a2c39e90264f33305004495a9","hash":"d4666424dda4a8352ee9f33fe8aba6791dc2fb84"}
,"/home/dhrkp/react/blinkist-clone/src/component/atom/InputFields/SearchInputField.js": {"path":"/home/dhrkp/react/blinkist-clone/src/component/atom/InputFields/SearchInputField.js","statementMap":{"0":{"start":{"line":9,"column":25},"end":{"line":31,"column":1}},"1":{"start":{"line":10,"column":4},"end":{"line":30,"column":6}}},"fnMap":{"0":{"name":"(anonymous_0)","decl":{"start":{"line":9,"column":25},"end":{"line":9,"column":26}},"loc":{"start":{"line":9,"column":36},"end":{"line":31,"column":1}},"line":9}},"branchMap":{},"s":{"0":4,"1":15},"f":{"0":15},"b":{},"_coverageSchema":"1a1c01bbd47fc00a2c39e90264f33305004495a9","hash":"4dac483967ef19a3f586004d9fa36ee6e2f91ada"}
,"/home/dhrkp/react/blinkist-clone/src/component/atom/TabPanel/TabPanel.js": {"path":"/home/dhrkp/react/blinkist-clone/src/component/atom/TabPanel/TabPanel.js","statementMap":{"0":{"start":{"line":5,"column":17},"end":{"line":24,"column":1}},"1":{"start":{"line":6,"column":49},"end":{"line":6,"column":54}},"2":{"start":{"line":8,"column":4},"end":{"line":23,"column":6}},"3":{"start":{"line":26,"column":0},"end":{"line":30,"column":2}}},"fnMap":{"0":{"name":"(anonymous_0)","decl":{"start":{"line":5,"column":17},"end":{"line":5,"column":18}},"loc":{"start":{"line":5,"column":28},"end":{"line":24,"column":1}},"line":5}},"branchMap":{"0":{"loc":{"start":{"line":17,"column":13},"end":{"line":21,"column":13}},"type":"binary-expr","locations":[{"start":{"line":17,"column":13},"end":{"line":17,"column":28}},{"start":{"line":18,"column":16},"end":{"line":20,"column":22}}],"line":17}},"s":{"0":3,"1":20,"2":18,"3":3},"f":{"0":20},"b":{"0":[18,9]},"_coverageSchema":"1a1c01bbd47fc00a2c39e90264f33305004495a9","hash":"e0b11428a626b8346a5fe2aed1474d99418b263b"}
,"/home/dhrkp/react/blinkist-clone/src/component/atom/Tabs/Tabs.js": {"path":"/home/dhrkp/react/blinkist-clone/src/component/atom/Tabs/Tabs.js","statementMap":{"0":{"start":{"line":6,"column":17},"end":{"line":21,"column":1}},"1":{"start":{"line":9,"column":4},"end":{"line":20,"column":6}},"2":{"start":{"line":17,"column":54},"end":{"line":17,"column":118}},"3":{"start":{"line":23,"column":0},"end":{"line":26,"column":2}}},"fnMap":{"0":{"name":"(anonymous_0)","decl":{"start":{"line":6,"column":17},"end":{"line":6,"column":18}},"loc":{"start":{"line":6,"column":28},"end":{"line":21,"column":1}},"line":6},"1":{"name":"(anonymous_1)","decl":{"start":{"line":17,"column":36},"end":{"line":17,"column":37}},"loc":{"start":{"line":17,"column":54},"end":{"line":17,"column":118}},"line":17}},"branchMap":{},"s":{"0":3,"1":11,"2":22,"3":3},"f":{"0":11,"1":22},"b":{},"_coverageSchema":"1a1c01bbd47fc00a2c39e90264f33305004495a9","hash":"e3afc3e3cf75b2f29e58146368158ce43d8db1bf"}
,"/home/dhrkp/react/blinkist-clone/src/component/molecule/Button/Button.js": {"path":"/home/dhrkp/react/blinkist-clone/src/component/molecule/Button/Button.js","statementMap":{"0":{"start":{"line":8,"column":19},"end":{"line":18,"column":1}},"1":{"start":{"line":9,"column":4},"end":{"line":17,"column":6}},"2":{"start":{"line":24,"column":4},"end":{"line":24,"column":59}},"3":{"start":{"line":28,"column":4},"end":{"line":30,"column":46}},"4":{"start":{"line":33,"column":8},"end":{"line":34,"column":66}},"5":{"start":{"line":38,"column":0},"end":{"line":40,"column":2}}},"fnMap":{"0":{"name":"(anonymous_0)","decl":{"start":{"line":8,"column":19},"end":{"line":8,"column":20}},"loc":{"start":{"line":8,"column":30},"end":{"line":18,"column":1}},"line":8},"1":{"name":"ifOpenRenderUpArrowElseDownArrow","decl":{"start":{"line":23,"column":9},"end":{"line":23,"column":41}},"loc":{"start":{"line":23,"column":49},"end":{"line":25,"column":1}},"line":23},"2":{"name":"renderButtonWithLogoOrText","decl":{"start":{"line":27,"column":9},"end":{"line":27,"column":35}},"loc":{"start":{"line":27,"column":43},"end":{"line":36,"column":1}},"line":27},"3":{"name":"renderSmallButtonOrButtonWithText","decl":{"start":{"line":32,"column":13},"end":{"line":32,"column":46}},"loc":{"start":{"line":32,"column":49},"end":{"line":35,"column":5}},"line":32}},"branchMap":{"0":{"loc":{"start":{"line":9,"column":12},"end":{"line":16,"column":25}},"type":"cond-expr","locations":[{"start":{"line":10,"column":16},"end":{"line":13,"column":25}},{"start":{"line":14,"column":16},"end":{"line":16,"column":25}}],"line":9},"1":{"loc":{"start":{"line":24,"column":11},"end":{"line":24,"column":58}},"type":"cond-expr","locations":[{"start":{"line":24,"column":26},"end":{"line":24,"column":40}},{"start":{"line":24,"column":43},"end":{"line":24,"column":58}}],"line":24},"2":{"loc":{"start":{"line":28,"column":11},"end":{"line":30,"column":45}},"type":"cond-expr","locations":[{"start":{"line":29,"column":8},"end":{"line":29,"column":89}},{"start":{"line":30,"column":9},"end":{"line":30,"column":44}}],"line":28},"3":{"loc":{"start":{"line":33,"column":15},"end":{"line":34,"column":65}},"type":"cond-expr","locations":[{"start":{"line":34,"column":12},"end":{"line":34,"column":48}},{"start":{"line":34,"column":51},"end":{"line":34,"column":65}}],"line":33}},"s":{"0":11,"1":312,"2":30,"3":270,"4":241,"5":11},"f":{"0":312,"1":30,"2":270,"3":241},"b":{"0":[30,270],"1":[4,26],"2":[29,241],"3":[6,235]},"_coverageSchema":"1a1c01bbd47fc00a2c39e90264f33305004495a9","hash":"54ffaf8b0ee82a8fc7ce301b57e703ebf7984eb6"}
,"/home/dhrkp/react/blinkist-clone/src/component/molecule/Card/Card.js": {"path":"/home/dhrkp/react/blinkist-clone/src/component/molecule/Card/Card.js","statementMap":{"0":{"start":{"line":11,"column":17},"end":{"line":50,"column":1}},"1":{"start":{"line":12,"column":4},"end":{"line":49,"column":6}},"2":{"start":{"line":40,"column":48},"end":{"line":40,"column":79}},"3":{"start":{"line":52,"column":0},"end":{"line":56,"column":2}},"4":{"start":{"line":61,"column":4},"end":{"line":76,"column":22}},"5":{"start":{"line":63,"column":28},"end":{"line":63,"column":54}},"6":{"start":{"line":70,"column":28},"end":{"line":70,"column":54}}},"fnMap":{"0":{"name":"(anonymous_0)","decl":{"start":{"line":11,"column":17},"end":{"line":11,"column":18}},"loc":{"start":{"line":11,"column":28},"end":{"line":50,"column":1}},"line":11},"1":{"name":"(anonymous_1)","decl":{"start":{"line":40,"column":41},"end":{"line":40,"column":42}},"loc":{"start":{"line":40,"column":48},"end":{"line":40,"column":79}},"line":40},"2":{"name":"changeButtonBasedOnReadStatus","decl":{"start":{"line":60,"column":9},"end":{"line":60,"column":38}},"loc":{"start":{"line":60,"column":46},"end":{"line":77,"column":1}},"line":60},"3":{"name":"(anonymous_3)","decl":{"start":{"line":63,"column":21},"end":{"line":63,"column":22}},"loc":{"start":{"line":63,"column":28},"end":{"line":63,"column":54}},"line":63},"4":{"name":"(anonymous_4)","decl":{"start":{"line":70,"column":21},"end":{"line":70,"column":22}},"loc":{"start":{"line":70,"column":28},"end":{"line":70,"column":54}},"line":70}},"branchMap":{"0":{"loc":{"start":{"line":17,"column":24},"end":{"line":19,"column":107}},"type":"cond-expr","locations":[{"start":{"line":18,"column":28},"end":{"line":18,"column":37}},{"start":{"line":19,"column":28},"end":{"line":19,"column":107}}],"line":17},"1":{"loc":{"start":{"line":37,"column":17},"end":{"line":45,"column":33}},"type":"cond-expr","locations":[{"start":{"line":38,"column":21},"end":{"line":38,"column":57}},{"start":{"line":39,"column":20},"end":{"line":45,"column":33}}],"line":37},"2":{"loc":{"start":{"line":61,"column":11},"end":{"line":76,"column":21}},"type":"cond-expr","locations":[{"start":{"line":62,"column":8},"end":{"line":68,"column":21}},{"start":{"line":69,"column":8},"end":{"line":76,"column":21}}],"line":61}},"s":{"0":4,"1":66,"2":1,"3":4,"4":58,"5":1,"6":2},"f":{"0":66,"1":1,"2":58,"3":1,"4":2},"b":{"0":[26,38],"1":[58,6],"2":[5,53]},"_coverageSchema":"1a1c01bbd47fc00a2c39e90264f33305004495a9","hash":"703701794ed3d2cfd2a7d6633c948b59a9d6694f"}
,"/home/dhrkp/react/blinkist-clone/src/component/molecule/CardGrid/CardGrid.js": {"path":"/home/dhrkp/react/blinkist-clone/src/component/molecule/CardGrid/CardGrid.js","statementMap":{"0":{"start":{"line":5,"column":24},"end":{"line":26,"column":1}},"1":{"start":{"line":7,"column":4},"end":{"line":25,"column":6}},"2":{"start":{"line":10,"column":16},"end":{"line":22,"column":23}},"3":{"start":{"line":20,"column":40},"end":{"line":20,"column":65}}},"fnMap":{"0":{"name":"(anonymous_0)","decl":{"start":{"line":5,"column":24},"end":{"line":5,"column":25}},"loc":{"start":{"line":5,"column":35},"end":{"line":26,"column":1}},"line":5},"1":{"name":"(anonymous_1)","decl":{"start":{"line":9,"column":32},"end":{"line":9,"column":33}},"loc":{"start":{"line":10,"column":16},"end":{"line":22,"column":23}},"line":10},"2":{"name":"(anonymous_2)","decl":{"start":{"line":20,"column":33},"end":{"line":20,"column":34}},"loc":{"start":{"line":20,"column":40},"end":{"line":20,"column":65}},"line":20}},"branchMap":{},"s":{"0":3,"1":17,"2":53,"3":1},"f":{"0":17,"1":53,"2":1},"b":{},"_coverageSchema":"1a1c01bbd47fc00a2c39e90264f33305004495a9","hash":"9a50ab42b299ec46f98083b1b98b47b4e2cdfbd4"}
,"/home/dhrkp/react/blinkist-clone/src/component/molecule/List/List.js": {"path":"/home/dhrkp/react/blinkist-clone/src/component/molecule/List/List.js","statementMap":{"0":{"start":{"line":5,"column":13},"end":{"line":14,"column":1}},"1":{"start":{"line":6,"column":45},"end":{"line":6,"column":50}},"2":{"start":{"line":7,"column":4},"end":{"line":13,"column":6}},"3":{"start":{"line":10,"column":53},"end":{"line":10,"column":128}}},"fnMap":{"0":{"name":"(anonymous_0)","decl":{"start":{"line":5,"column":13},"end":{"line":5,"column":14}},"loc":{"start":{"line":5,"column":24},"end":{"line":14,"column":1}},"line":5},"1":{"name":"(anonymous_1)","decl":{"start":{"line":10,"column":31},"end":{"line":10,"column":32}},"loc":{"start":{"line":10,"column":53},"end":{"line":10,"column":128}},"line":10}},"branchMap":{},"s":{"0":4,"1":26,"2":22,"3":26},"f":{"0":26,"1":26},"b":{},"_coverageSchema":"1a1c01bbd47fc00a2c39e90264f33305004495a9","hash":"d0dc9cc966068fdba00848cba292293a8f80e5b5"}
,"/home/dhrkp/react/blinkist-clone/src/component/molecule/MenuItem/MenuItem.js": {"path":"/home/dhrkp/react/blinkist-clone/src/component/molecule/MenuItem/MenuItem.js","statementMap":{"0":{"start":{"line":10,"column":16},"end":{"line":17,"column":1}},"1":{"start":{"line":11,"column":4},"end":{"line":16,"column":5}},"2":{"start":{"line":12,"column":8},"end":{"line":12,"column":31}},"3":{"start":{"line":15,"column":8},"end":{"line":15,"column":33}},"4":{"start":{"line":19,"column":21},"end":{"line":35,"column":1}},"5":{"start":{"line":20,"column":4},"end":{"line":34,"column":6}},"6":{"start":{"line":22,"column":12},"end":{"line":32,"column":19}}},"fnMap":{"0":{"name":"(anonymous_0)","decl":{"start":{"line":10,"column":16},"end":{"line":10,"column":17}},"loc":{"start":{"line":10,"column":26},"end":{"line":17,"column":1}},"line":10},"1":{"name":"(anonymous_1)","decl":{"start":{"line":19,"column":21},"end":{"line":19,"column":22}},"loc":{"start":{"line":19,"column":48},"end":{"line":35,"column":1}},"line":19},"2":{"name":"(anonymous_2)","decl":{"start":{"line":21,"column":22},"end":{"line":21,"column":23}},"loc":{"start":{"line":22,"column":12},"end":{"line":32,"column":19}},"line":22}},"branchMap":{},"s":{"0":5,"1":140,"2":140,"3":1,"4":5,"5":134,"6":140},"f":{"0":140,"1":134,"2":140},"b":{},"_coverageSchema":"1a1c01bbd47fc00a2c39e90264f33305004495a9","hash":"81d0289d13b615eafad9e4b51ce820cb632c5e33"}
,"/home/dhrkp/react/blinkist-clone/src/component/page/Page.js": {"path":"/home/dhrkp/react/blinkist-clone/src/component/page/Page.js","statementMap":{"0":{"start":{"line":8,"column":32},"end":{"line":12,"column":1}},"1":{"start":{"line":9,"column":17},"end":{"line":9,"column":85}},"2":{"start":{"line":11,"column":4},"end":{"line":11,"column":16}},"3":{"start":{"line":14,"column":25},"end":{"line":19,"column":1}},"4":{"start":{"line":15,"column":16},"end":{"line":15,"column":67}},"5":{"start":{"line":16,"column":17},"end":{"line":16,"column":33}},"6":{"start":{"line":18,"column":4},"end":{"line":18,"column":16}},"7":{"start":{"line":21,"column":29},"end":{"line":25,"column":1}},"8":{"start":{"line":22,"column":16},"end":{"line":22,"column":67}},"9":{"start":{"line":23,"column":17},"end":{"line":23,"column":33}},"10":{"start":{"line":24,"column":4},"end":{"line":24,"column":21}},"11":{"start":{"line":27,"column":20},"end":{"line":32,"column":1}},"12":{"start":{"line":34,"column":19},"end":{"line":36,"column":1}},"13":{"start":{"line":35,"column":4},"end":{"line":35,"column":24}},"14":{"start":{"line":38,"column":21},"end":{"line":40,"column":1}},"15":{"start":{"line":39,"column":4},"end":{"line":39,"column":25}},"16":{"start":{"line":47,"column":27},"end":{"line":47,"column":46}},"17":{"start":{"line":49,"column":52},"end":{"line":49,"column":64}},"18":{"start":{"line":50,"column":40},"end":{"line":50,"column":52}},"19":{"start":{"line":52,"column":40},"end":{"line":54,"column":5}},"20":{"start":{"line":56,"column":36},"end":{"line":58,"column":5}},"21":{"start":{"line":60,"column":4},"end":{"line":63,"column":23}},"22":{"start":{"line":61,"column":8},"end":{"line":61,"column":57}},"23":{"start":{"line":62,"column":8},"end":{"line":62,"column":53}},"24":{"start":{"line":65,"column":4},"end":{"line":72,"column":6}},"25":{"start":{"line":66,"column":8},"end":{"line":70,"column":9}},"26":{"start":{"line":67,"column":12},"end":{"line":69,"column":13}},"27":{"start":{"line":68,"column":16},"end":{"line":68,"column":28}},"28":{"start":{"line":71,"column":8},"end":{"line":71,"column":21}},"29":{"start":{"line":74,"column":4},"end":{"line":90,"column":6}},"30":{"start":{"line":75,"column":26},"end":{"line":75,"column":55}},"31":{"start":{"line":77,"column":20},"end":{"line":83,"column":10}},"32":{"start":{"line":85,"column":25},"end":{"line":85,"column":41}},"33":{"start":{"line":86,"column":26},"end":{"line":86,"column":54}},"34":{"start":{"line":87,"column":8},"end":{"line":87,"column":60}},"35":{"start":{"line":89,"column":8},"end":{"line":89,"column":56}},"36":{"start":{"line":92,"column":4},"end":{"line":121,"column":6}},"37":{"start":{"line":94,"column":29},"end":{"line":94,"column":57}},"38":{"start":{"line":95,"column":28},"end":{"line":95,"column":85}},"39":{"start":{"line":97,"column":20},"end":{"line":103,"column":10}},"40":{"start":{"line":105,"column":28},"end":{"line":105,"column":44}},"41":{"start":{"line":107,"column":33},"end":{"line":111,"column":9}},"42":{"start":{"line":108,"column":12},"end":{"line":110,"column":20}},"43":{"start":{"line":113,"column":8},"end":{"line":114,"column":64}},"44":{"start":{"line":114,"column":39},"end":{"line":114,"column":61}},"45":{"start":{"line":116,"column":8},"end":{"line":117,"column":64}},"46":{"start":{"line":117,"column":39},"end":{"line":117,"column":61}},"47":{"start":{"line":119,"column":8},"end":{"line":120,"column":60}},"48":{"start":{"line":120,"column":35},"end":{"line":120,"column":57}},"49":{"start":{"line":123,"column":4},"end":{"line":126,"column":6}},"50":{"start":{"line":124,"column":29},"end":{"line":124,"column":83}},"51":{"start":{"line":124,"column":56},"end":{"line":124,"column":81}},"52":{"start":{"line":125,"column":8},"end":{"line":125,"column":42}},"53":{"start":{"line":128,"column":4},"end":{"line":148,"column":6}},"54":{"start":{"line":151,"column":8},"end":{"line":165,"column":16}},"55":{"start":{"line":169,"column":8},"end":{"line":169,"column":113}}},"fnMap":{"0":{"name":"(anonymous_0)","decl":{"start":{"line":8,"column":32},"end":{"line":8,"column":33}},"loc":{"start":{"line":8,"column":46},"end":{"line":12,"column":1}},"line":8},"1":{"name":"(anonymous_1)","decl":{"start":{"line":14,"column":25},"end":{"line":14,"column":26}},"loc":{"start":{"line":14,"column":39},"end":{"line":19,"column":1}},"line":14},"2":{"name":"(anonymous_2)","decl":{"start":{"line":21,"column":29},"end":{"line":21,"column":30}},"loc":{"start":{"line":21,"column":43},"end":{"line":25,"column":1}},"line":21},"3":{"name":"(anonymous_3)","decl":{"start":{"line":34,"column":19},"end":{"line":34,"column":20}},"loc":{"start":{"line":34,"column":26},"end":{"line":36,"column":1}},"line":34},"4":{"name":"(anonymous_4)","decl":{"start":{"line":38,"column":21},"end":{"line":38,"column":22}},"loc":{"start":{"line":38,"column":28},"end":{"line":40,"column":1}},"line":38},"5":{"name":"Page","decl":{"start":{"line":43,"column":9},"end":{"line":43,"column":13}},"loc":{"start":{"line":43,"column":16},"end":{"line":171,"column":1}},"line":43},"6":{"name":"(anonymous_6)","decl":{"start":{"line":60,"column":14},"end":{"line":60,"column":15}},"loc":{"start":{"line":60,"column":20},"end":{"line":63,"column":5}},"line":60},"7":{"name":"(anonymous_7)","decl":{"start":{"line":65,"column":23},"end":{"line":65,"column":24}},"loc":{"start":{"line":65,"column":31},"end":{"line":72,"column":5}},"line":65},"8":{"name":"(anonymous_8)","decl":{"start":{"line":74,"column":24},"end":{"line":74,"column":25}},"loc":{"start":{"line":74,"column":41},"end":{"line":90,"column":5}},"line":74},"9":{"name":"(anonymous_9)","decl":{"start":{"line":92,"column":28},"end":{"line":92,"column":29}},"loc":{"start":{"line":92,"column":47},"end":{"line":121,"column":5}},"line":92},"10":{"name":"(anonymous_10)","decl":{"start":{"line":107,"column":33},"end":{"line":107,"column":34}},"loc":{"start":{"line":107,"column":43},"end":{"line":111,"column":9}},"line":107},"11":{"name":"(anonymous_11)","decl":{"start":{"line":114,"column":29},"end":{"line":114,"column":30}},"loc":{"start":{"line":114,"column":39},"end":{"line":114,"column":61}},"line":114},"12":{"name":"(anonymous_12)","decl":{"start":{"line":117,"column":29},"end":{"line":117,"column":30}},"loc":{"start":{"line":117,"column":39},"end":{"line":117,"column":61}},"line":117},"13":{"name":"(anonymous_13)","decl":{"start":{"line":120,"column":25},"end":{"line":120,"column":26}},"loc":{"start":{"line":120,"column":35},"end":{"line":120,"column":57}},"line":120},"14":{"name":"(anonymous_14)","decl":{"start":{"line":123,"column":31},"end":{"line":123,"column":32}},"loc":{"start":{"line":123,"column":41},"end":{"line":126,"column":5}},"line":123},"15":{"name":"(anonymous_15)","decl":{"start":{"line":124,"column":45},"end":{"line":124,"column":46}},"loc":{"start":{"line":124,"column":56},"end":{"line":124,"column":81}},"line":124},"16":{"name":"renderFilterComponentsElseRenderMyLibrary","decl":{"start":{"line":150,"column":13},"end":{"line":150,"column":54}},"loc":{"start":{"line":150,"column":57},"end":{"line":166,"column":5}},"line":150},"17":{"name":"renderTextDependingOnSearchResultLength","decl":{"start":{"line":168,"column":13},"end":{"line":168,"column":52}},"loc":{"start":{"line":168,"column":55},"end":{"line":170,"column":5}},"line":168}},"branchMap":{"0":{"loc":{"start":{"line":67,"column":12},"end":{"line":69,"column":13}},"type":"if","locations":[{"start":{"line":67,"column":12},"end":{"line":69,"column":13}},{"start":{"line":67,"column":12},"end":{"line":69,"column":13}}],"line":67},"1":{"loc":{"start":{"line":108,"column":19},"end":{"line":110,"column":18}},"type":"cond-expr","locations":[{"start":{"line":109,"column":14},"end":{"line":109,"column":60}},{"start":{"line":110,"column":14},"end":{"line":110,"column":18}}],"line":108},"2":{"loc":{"start":{"line":139,"column":17},"end":{"line":142,"column":65}},"type":"cond-expr","locations":[{"start":{"line":139,"column":30},"end":{"line":141,"column":155}},{"start":{"line":142,"column":21},"end":{"line":142,"column":64}}],"line":139},"3":{"loc":{"start":{"line":151,"column":15},"end":{"line":165,"column":15}},"type":"cond-expr","locations":[{"start":{"line":152,"column":12},"end":{"line":155,"column":15}},{"start":{"line":156,"column":12},"end":{"line":165,"column":15}}],"line":151},"4":{"loc":{"start":{"line":169,"column":15},"end":{"line":169,"column":112}},"type":"cond-expr","locations":[{"start":{"line":169,"column":41},"end":{"line":169,"column":74}},{"start":{"line":169,"column":77},"end":{"line":169,"column":112}}],"line":169}},"s":{"0":1,"1":0,"2":0,"3":1,"4":0,"5":0,"6":0,"7":1,"8":0,"9":0,"10":0,"11":1,"12":1,"13":64,"14":1,"15":64,"16":12,"17":11,"18":11,"19":11,"20":11,"21":11,"22":5,"23":5,"24":11,"25":29,"26":77,"27":25,"28":4,"29":11,"30":0,"31":0,"32":0,"33":0,"34":0,"35":0,"36":11,"37":0,"38":0,"39":0,"40":0,"41":0,"42":0,"43":0,"44":0,"45":0,"46":0,"47":0,"48":0,"49":11,"50":1,"51":4,"52":1,"53":11,"54":7,"55":4},"f":{"0":0,"1":0,"2":0,"3":64,"4":64,"5":12,"6":5,"7":29,"8":0,"9":0,"10":0,"11":0,"12":0,"13":0,"14":1,"15":4,"16":7,"17":4},"b":{"0":[25,52],"1":[0,0],"2":[4,7],"3":[1,6],"4":[2,2]},"_coverageSchema":"1a1c01bbd47fc00a2c39e90264f33305004495a9","hash":"2b12e03b5addf60faa81a4eeab1154961828d458"}
,"/home/dhrkp/react/blinkist-clone/src/util/context.js": {"path":"/home/dhrkp/react/blinkist-clone/src/util/context.js","statementMap":{"0":{"start":{"line":3,"column":16},"end":{"line":3,"column":33}}},"fnMap":{},"branchMap":{},"s":{"0":8},"f":{},"b":{},"_coverageSchema":"1a1c01bbd47fc00a2c39e90264f33305004495a9","hash":"2ae949181ea3851fb17de6644235ec2e1ddb6cc0"}
,"/home/dhrkp/react/blinkist-clone/src/util/useBooks.js": {"path":"/home/dhrkp/react/blinkist-clone/src/util/useBooks.js","statementMap":{"0":{"start":{"line":3,"column":17},"end":{"line":30,"column":1}},"1":{"start":{"line":4,"column":36},"end":{"line":4,"column":48}},"2":{"start":{"line":5,"column":44},"end":{"line":5,"column":56}},"3":{"start":{"line":6,"column":40},"end":{"line":6,"column":52}},"4":{"start":{"line":8,"column":4},"end":{"line":27,"column":11}},"5":{"start":{"line":9,"column":25},"end":{"line":12,"column":9}},"6":{"start":{"line":10,"column":37},"end":{"line":10,"column":55}},"7":{"start":{"line":11,"column":12},"end":{"line":11,"column":41}},"8":{"start":{"line":14,"column":30},"end":{"line":17,"column":9}},"9":{"start":{"line":15,"column":42},"end":{"line":15,"column":65}},"10":{"start":{"line":16,"column":12},"end":{"line":16,"column":48}},"11":{"start":{"line":19,"column":32},"end":{"line":22,"column":9}},"12":{"start":{"line":20,"column":37},"end":{"line":20,"column":62}},"13":{"start":{"line":21,"column":12},"end":{"line":21,"column":45}},"14":{"start":{"line":24,"column":8},"end":{"line":24,"column":19}},"15":{"start":{"line":25,"column":8},"end":{"line":25,"column":24}},"16":{"start":{"line":26,"column":8},"end":{"line":26,"column":26}},"17":{"start":{"line":29,"column":4},"end":{"line":29,"column":95}},"18":{"start":{"line":32,"column":19},"end":{"line":36,"column":1}},"19":{"start":{"line":33,"column":21},"end":{"line":33,"column":66}},"20":{"start":{"line":34,"column":17},"end":{"line":34,"column":38}},"21":{"start":{"line":35,"column":4},"end":{"line":35,"column":16}},"22":{"start":{"line":38,"column":26},"end":{"line":49,"column":1}},"23":{"start":{"line":39,"column":21},"end":{"line":39,"column":67}},"24":{"start":{"line":40,"column":17},"end":{"line":40,"column":38}},"25":{"start":{"line":41,"column":18},"end":{"line":41,"column":20}},"26":{"start":{"line":42,"column":4},"end":{"line":46,"column":5}},"27":{"start":{"line":43,"column":22},"end":{"line":43,"column":46}},"28":{"start":{"line":44,"column":8},"end":{"line":44,"column":62}},"29":{"start":{"line":45,"column":8},"end":{"line":45,"column":28}},"30":{"start":{"line":48,"column":4},"end":{"line":48,"column":17}},"31":{"start":{"line":51,"column":24},"end":{"line":55,"column":1}},"32":{"start":{"line":52,"column":21},"end":{"line":52,"column":66}},"33":{"start":{"line":53,"column":17},"end":{"line":53,"column":38}},"34":{"start":{"line":54,"column":4},"end":{"line":54,"column":16}},"35":{"start":{"line":57,"column":18},"end":{"line":62,"column":1}},"36":{"start":{"line":58,"column":16},"end":{"line":58,"column":67}},"37":{"start":{"line":59,"column":17},"end":{"line":59,"column":33}},"38":{"start":{"line":61,"column":4},"end":{"line":61,"column":16}}},"fnMap":{"0":{"name":"(anonymous_0)","decl":{"start":{"line":3,"column":17},"end":{"line":3,"column":18}},"loc":{"start":{"line":3,"column":23},"end":{"line":30,"column":1}},"line":3},"1":{"name":"(anonymous_1)","decl":{"start":{"line":8,"column":14},"end":{"line":8,"column":15}},"loc":{"start":{"line":8,"column":20},"end":{"line":27,"column":5}},"line":8},"2":{"name":"(anonymous_2)","decl":{"start":{"line":9,"column":25},"end":{"line":9,"column":26}},"loc":{"start":{"line":9,"column":37},"end":{"line":12,"column":9}},"line":9},"3":{"name":"(anonymous_3)","decl":{"start":{"line":14,"column":30},"end":{"line":14,"column":31}},"loc":{"start":{"line":14,"column":42},"end":{"line":17,"column":9}},"line":14},"4":{"name":"(anonymous_4)","decl":{"start":{"line":19,"column":32},"end":{"line":19,"column":33}},"loc":{"start":{"line":19,"column":44},"end":{"line":22,"column":9}},"line":19},"5":{"name":"(anonymous_5)","decl":{"start":{"line":32,"column":19},"end":{"line":32,"column":20}},"loc":{"start":{"line":32,"column":31},"end":{"line":36,"column":1}},"line":32},"6":{"name":"(anonymous_6)","decl":{"start":{"line":38,"column":26},"end":{"line":38,"column":27}},"loc":{"start":{"line":38,"column":38},"end":{"line":49,"column":1}},"line":38},"7":{"name":"(anonymous_7)","decl":{"start":{"line":51,"column":24},"end":{"line":51,"column":25}},"loc":{"start":{"line":51,"column":36},"end":{"line":55,"column":1}},"line":51},"8":{"name":"(anonymous_8)","decl":{"start":{"line":57,"column":18},"end":{"line":57,"column":19}},"loc":{"start":{"line":57,"column":32},"end":{"line":62,"column":1}},"line":57}},"branchMap":{},"s":{"0":0,"1":0,"2":0,"3":0,"4":0,"5":0,"6":0,"7":0,"8":0,"9":0,"10":0,"11":0,"12":0,"13":0,"14":0,"15":0,"16":0,"17":0,"18":0,"19":0,"20":0,"21":0,"22":0,"23":0,"24":0,"25":0,"26":0,"27":0,"28":0,"29":0,"30":0,"31":0,"32":0,"33":0,"34":0,"35":0,"36":0,"37":0,"38":0},"f":{"0":0,"1":0,"2":0,"3":0,"4":0,"5":0,"6":0,"7":0,"8":0},"b":{}}
,"/home/dhrkp/react/blinkist-clone/src/util/useSearch.js": {"path":"/home/dhrkp/react/blinkist-clone/src/util/useSearch.js","statementMap":{"0":{"start":{"line":3,"column":18},"end":{"line":28,"column":1}},"1":{"start":{"line":4,"column":40},"end":{"line":4,"column":52}},"2":{"start":{"line":5,"column":44},"end":{"line":5,"column":56}},"3":{"start":{"line":7,"column":25},"end":{"line":21,"column":5}},"4":{"start":{"line":8,"column":8},"end":{"line":20,"column":9}},"5":{"start":{"line":9,"column":34},"end":{"line":14,"column":14}},"6":{"start":{"line":10,"column":16},"end":{"line":13,"column":68}},"7":{"start":{"line":16,"column":12},"end":{"line":16,"column":43}},"8":{"start":{"line":19,"column":12},"end":{"line":19,"column":38}},"9":{"start":{"line":23,"column":4},"end":{"line":25,"column":21}},"10":{"start":{"line":24,"column":8},"end":{"line":24,"column":23}},"11":{"start":{"line":27,"column":4},"end":{"line":27,"column":72}}},"fnMap":{"0":{"name":"(anonymous_0)","decl":{"start":{"line":3,"column":18},"end":{"line":3,"column":19}},"loc":{"start":{"line":3,"column":32},"end":{"line":28,"column":1}},"line":3},"1":{"name":"(anonymous_1)","decl":{"start":{"line":7,"column":25},"end":{"line":7,"column":26}},"loc":{"start":{"line":7,"column":31},"end":{"line":21,"column":5}},"line":7},"2":{"name":"(anonymous_2)","decl":{"start":{"line":9,"column":50},"end":{"line":9,"column":51}},"loc":{"start":{"line":9,"column":60},"end":{"line":14,"column":13}},"line":9},"3":{"name":"(anonymous_3)","decl":{"start":{"line":23,"column":14},"end":{"line":23,"column":15}},"loc":{"start":{"line":23,"column":20},"end":{"line":25,"column":5}},"line":23}},"branchMap":{"0":{"loc":{"start":{"line":8,"column":8},"end":{"line":20,"column":9}},"type":"if","locations":[{"start":{"line":8,"column":8},"end":{"line":20,"column":9}},{"start":{"line":8,"column":8},"end":{"line":20,"column":9}}],"line":8}},"s":{"0":0,"1":0,"2":0,"3":0,"4":0,"5":0,"6":0,"7":0,"8":0,"9":0,"10":0,"11":0},"f":{"0":0,"1":0,"2":0,"3":0},"b":{"0":[0,0]}}
}
