TN:
SF:src/App.js
FN:17,App
FNF:1
FNH:0
FNDA:0,App
DA:12,0
DA:13,0
DA:19,0
DA:20,0
DA:22,0
DA:30,0
LF:6
LH:0
BRF:0
BRH:0
end_of_record
TN:
SF:src/index.js
FNF:0
FNH:0
DA:6,0
LF:1
LH:0
BRF:0
BRH:0
end_of_record
TN:
SF:src/Theme/Theme.js
FNF:0
FNH:0
DA:4,4
DA:5,4
DA:6,4
DA:7,4
DA:8,4
DA:11,4
LF:6
LH:6
BRF:0
BRH:0
end_of_record
TN:
SF:src/assets/icons.js
FNF:0
FNH:0
DA:9,12
LF:1
LH:1
BRF:0
BRH:0
end_of_record
TN:
SF:src/component/Organism/CardsInTabs/CardsInTabs.js
FN:6,(anonymous_0)
FN:9,(anonymous_1)
FNF:2
FNH:2
FNDA:10,(anonymous_0)
FNDA:1,(anonymous_1)
DA:6,2
DA:7,10
DA:9,8
DA:10,1
DA:15,8
LF:5
LH:5
BRF:0
BRH:0
end_of_record
TN:
SF:src/component/Organism/DropDownMenu/DropDownMenu.js
FN:9,(anonymous_0)
FN:15,(anonymous_1)
FN:19,(anonymous_2)
FN:23,(anonymous_3)
FN:52,(anonymous_4)
FN:54,(anonymous_5)
FNF:6
FNH:6
FNDA:31,(anonymous_0)
FNDA:3,(anonymous_1)
FNDA:3,(anonymous_2)
FNDA:2,(anonymous_3)
FNDA:162,(anonymous_4)
FNDA:2,(anonymous_5)
DA:9,4
DA:11,31
DA:13,27
DA:15,27
DA:16,3
DA:19,27
DA:20,3
DA:23,27
DA:24,2
DA:25,2
DA:26,2
DA:29,27
DA:31,27
DA:53,162
DA:54,2
LF:15
LH:15
BRF:0
BRH:0
end_of_record
TN:
SF:src/component/Organism/Form/Form.js
FN:7,(anonymous_0)
FN:9,(anonymous_1)
FN:27,(anonymous_2)
FN:35,(anonymous_3)
FN:41,(anonymous_4)
FN:50,(anonymous_5)
FNF:6
FNH:6
FNDA:19,(anonymous_0)
FNDA:2,(anonymous_1)
FNDA:4,(anonymous_2)
FNDA:4,(anonymous_3)
FNDA:2,(anonymous_4)
FNDA:4,(anonymous_5)
DA:5,5
DA:7,5
DA:9,19
DA:10,2
DA:11,2
DA:12,2
DA:18,19
DA:27,4
DA:35,4
DA:41,2
DA:50,4
LF:11
LH:11
BRF:0
BRH:0
end_of_record
TN:
SF:src/component/Organism/FormDialogueBox/FormDialogueBox.js
FN:18,(anonymous_0)
FN:40,(anonymous_1)
FN:52,(anonymous_2)
FN:56,(anonymous_3)
FN:60,(anonymous_4)
FN:64,(anonymous_5)
FN:80,(anonymous_6)
FNF:7
FNH:7
FNDA:18,(anonymous_0)
FNDA:44,(anonymous_1)
FNDA:1,(anonymous_2)
FNDA:5,(anonymous_3)
FNDA:1,(anonymous_4)
FNDA:2,(anonymous_5)
FNDA:1,(anonymous_6)
DA:15,4
DA:18,18
DA:40,4
DA:42,44
DA:44,43
DA:46,43
DA:47,43
DA:48,43
DA:49,43
DA:50,43
DA:52,43
DA:53,1
DA:56,43
DA:57,5
DA:60,43
DA:61,1
DA:64,43
DA:65,2
DA:67,2
DA:68,1
DA:69,1
DA:72,1
DA:74,1
DA:75,1
DA:76,1
DA:77,1
DA:80,43
DA:81,1
DA:82,0
DA:90,0
DA:92,0
DA:95,43
LF:32
LH:29
BRDA:67,0,0,1
BRDA:67,0,1,1
BRF:2
BRH:2
end_of_record
TN:
SF:src/component/Organism/NavBar/IntegratedNavBar.js
FN:7,(anonymous_0)
FN:14,(anonymous_1)
FNF:2
FNH:2
FNDA:14,(anonymous_0)
FNDA:2,(anonymous_1)
DA:7,2
DA:9,14
DA:12,14
DA:14,14
DA:15,2
DA:16,2
DA:19,14
LF:7
LH:7
BRDA:21,0,0,12
BRDA:21,0,1,2
BRF:2
BRH:2
end_of_record
TN:
SF:src/component/Organism/NavBar/NavBar.js
FN:13,(anonymous_0)
FN:19,(anonymous_1)
FN:20,(anonymous_2)
FN:21,(anonymous_3)
FN:22,(anonymous_4)
FN:25,(anonymous_5)
FN:48,(anonymous_6)
FNF:7
FNH:6
FNDA:23,(anonymous_0)
FNDA:12,(anonymous_1)
FNDA:0,(anonymous_2)
FNDA:3,(anonymous_3)
FNDA:12,(anonymous_4)
FNDA:1,(anonymous_5)
FNDA:1,(anonymous_6)
DA:13,3
DA:15,23
DA:16,20
DA:17,20
DA:19,20
DA:20,12
DA:21,12
DA:22,12
DA:25,20
DA:26,1
DA:28,20
DA:48,1
LF:12
LH:12
BRDA:31,0,0,2
BRDA:31,0,1,18
BRDA:47,1,0,17
BRDA:47,1,1,3
BRF:4
BRH:4
end_of_record
TN:
SF:src/component/Organism/NavBar/NavBarWithSearch.js
FN:11,(anonymous_0)
FN:17,(anonymous_1)
FN:18,(anonymous_2)
FN:19,(anonymous_3)
FN:20,(anonymous_4)
FN:23,(anonymous_5)
FN:44,(anonymous_6)
FNF:7
FNH:6
FNDA:14,(anonymous_0)
FNDA:9,(anonymous_1)
FNDA:0,(anonymous_2)
FNDA:3,(anonymous_3)
FNDA:9,(anonymous_4)
FNDA:2,(anonymous_5)
FNDA:1,(anonymous_6)
DA:11,3
DA:12,14
DA:13,11
DA:14,11
DA:15,11
DA:17,11
DA:18,9
DA:19,9
DA:20,9
DA:23,11
DA:24,2
DA:27,11
DA:44,1
LF:13
LH:13
BRDA:30,0,0,2
BRDA:30,0,1,9
BRDA:43,1,0,8
BRDA:43,1,1,3
BRF:4
BRH:4
end_of_record
TN:
SF:src/component/Organism/Profile/Profile.js
FN:17,(anonymous_0)
FN:20,(anonymous_1)
FN:24,(anonymous_2)
FN:48,(anonymous_3)
FNF:4
FNH:4
FNDA:12,(anonymous_0)
FNDA:2,(anonymous_1)
FNDA:2,(anonymous_2)
FNDA:2,(anonymous_3)
DA:11,4
DA:17,4
DA:18,12
DA:20,10
DA:21,2
DA:24,10
DA:25,2
DA:28,10
DA:31,10
DA:48,2
LF:10
LH:10
BRDA:32,0,0,10
BRDA:32,0,1,10
BRF:2
BRH:2
end_of_record
TN:
SF:src/component/atom/InputFields/FormInputField.js
FN:6,(anonymous_0)
FNF:1
FNH:1
FNDA:56,(anonymous_0)
DA:6,6
DA:7,56
DA:8,56
LF:3
LH:3
BRF:0
BRH:0
end_of_record
TN:
SF:src/component/atom/InputFields/FormSelectField.js
FN:9,(anonymous_0)
FN:25,(anonymous_1)
FNF:2
FNH:2
FNDA:21,(anonymous_0)
FNDA:116,(anonymous_1)
DA:9,6
DA:10,21
DA:12,20
DA:13,20
DA:25,116
LF:5
LH:5
BRF:0
BRH:0
end_of_record
TN:
SF:src/component/atom/InputFields/SearchInputField.js
FN:9,(anonymous_0)
FNF:1
FNH:1
FNDA:15,(anonymous_0)
DA:9,4
DA:10,15
LF:2
LH:2
BRF:0
BRH:0
end_of_record
TN:
SF:src/component/atom/TabPanel/TabPanel.js
FN:5,(anonymous_0)
FNF:1
FNH:1
FNDA:20,(anonymous_0)
DA:5,3
DA:6,20
DA:8,18
DA:26,3
LF:4
LH:4
BRDA:17,0,0,18
BRDA:17,0,1,9
BRF:2
BRH:2
end_of_record
TN:
SF:src/component/atom/Tabs/Tabs.js
FN:6,(anonymous_0)
FN:17,(anonymous_1)
FNF:2
FNH:2
FNDA:11,(anonymous_0)
FNDA:22,(anonymous_1)
DA:6,3
DA:9,11
DA:17,22
DA:23,3
LF:4
LH:4
BRF:0
BRH:0
end_of_record
TN:
SF:src/component/molecule/Button/Button.js
FN:8,(anonymous_0)
FN:23,ifOpenRenderUpArrowElseDownArrow
FN:27,renderButtonWithLogoOrText
FN:32,renderSmallButtonOrButtonWithText
FNF:4
FNH:4
FNDA:312,(anonymous_0)
FNDA:30,ifOpenRenderUpArrowElseDownArrow
FNDA:270,renderButtonWithLogoOrText
FNDA:241,renderSmallButtonOrButtonWithText
DA:8,11
DA:9,312
DA:24,30
DA:28,270
DA:33,241
DA:38,11
LF:6
LH:6
BRDA:9,0,0,30
BRDA:9,0,1,270
BRDA:24,1,0,4
BRDA:24,1,1,26
BRDA:28,2,0,29
BRDA:28,2,1,241
BRDA:33,3,0,6
BRDA:33,3,1,235
BRF:8
BRH:8
end_of_record
TN:
SF:src/component/molecule/Card/Card.js
FN:11,(anonymous_0)
FN:40,(anonymous_1)
FN:60,changeButtonBasedOnReadStatus
FN:63,(anonymous_3)
FN:70,(anonymous_4)
FNF:5
FNH:5
FNDA:66,(anonymous_0)
FNDA:1,(anonymous_1)
FNDA:58,changeButtonBasedOnReadStatus
FNDA:1,(anonymous_3)
FNDA:2,(anonymous_4)
DA:11,4
DA:12,66
DA:40,1
DA:52,4
DA:61,58
DA:63,1
DA:70,2
LF:7
LH:7
BRDA:17,0,0,26
BRDA:17,0,1,38
BRDA:37,1,0,58
BRDA:37,1,1,6
BRDA:61,2,0,5
BRDA:61,2,1,53
BRF:6
BRH:6
end_of_record
TN:
SF:src/component/molecule/CardGrid/CardGrid.js
FN:5,(anonymous_0)
FN:9,(anonymous_1)
FN:20,(anonymous_2)
FNF:3
FNH:3
FNDA:17,(anonymous_0)
FNDA:53,(anonymous_1)
FNDA:1,(anonymous_2)
DA:5,3
DA:7,17
DA:10,53
DA:20,1
LF:4
LH:4
BRF:0
BRH:0
end_of_record
TN:
SF:src/component/molecule/List/List.js
FN:5,(anonymous_0)
FN:10,(anonymous_1)
FNF:2
FNH:2
FNDA:26,(anonymous_0)
FNDA:26,(anonymous_1)
DA:5,4
DA:6,26
DA:7,22
DA:10,26
LF:4
LH:4
BRF:0
BRH:0
end_of_record
TN:
SF:src/component/molecule/MenuItem/MenuItem.js
FN:10,(anonymous_0)
FN:19,(anonymous_1)
FN:21,(anonymous_2)
FNF:3
FNH:3
FNDA:140,(anonymous_0)
FNDA:134,(anonymous_1)
FNDA:140,(anonymous_2)
DA:10,5
DA:11,140
DA:12,140
DA:15,1
DA:19,5
DA:20,134
DA:22,140
LF:7
LH:7
BRF:0
BRH:0
end_of_record
TN:
SF:src/component/page/Page.js
FN:8,(anonymous_0)
FN:14,(anonymous_1)
FN:21,(anonymous_2)
FN:34,(anonymous_3)
FN:38,(anonymous_4)
FN:43,Page
FN:60,(anonymous_6)
FN:65,(anonymous_7)
FN:74,(anonymous_8)
FN:92,(anonymous_9)
FN:107,(anonymous_10)
FN:114,(anonymous_11)
FN:117,(anonymous_12)
FN:120,(anonymous_13)
FN:123,(anonymous_14)
FN:124,(anonymous_15)
FN:150,renderFilterComponentsElseRenderMyLibrary
FN:168,renderTextDependingOnSearchResultLength
FNF:18
FNH:9
FNDA:0,(anonymous_0)
FNDA:0,(anonymous_1)
FNDA:0,(anonymous_2)
FNDA:64,(anonymous_3)
FNDA:64,(anonymous_4)
FNDA:12,Page
FNDA:5,(anonymous_6)
FNDA:29,(anonymous_7)
FNDA:0,(anonymous_8)
FNDA:0,(anonymous_9)
FNDA:0,(anonymous_10)
FNDA:0,(anonymous_11)
FNDA:0,(anonymous_12)
FNDA:0,(anonymous_13)
FNDA:1,(anonymous_14)
FNDA:4,(anonymous_15)
FNDA:7,renderFilterComponentsElseRenderMyLibrary
FNDA:4,renderTextDependingOnSearchResultLength
DA:8,1
DA:9,0
DA:11,0
DA:14,1
DA:15,0
DA:16,0
DA:18,0
DA:21,1
DA:22,0
DA:23,0
DA:24,0
DA:27,1
DA:34,1
DA:35,64
DA:38,1
DA:39,64
DA:47,12
DA:49,11
DA:50,11
DA:52,11
DA:56,11
DA:60,11
DA:61,5
DA:62,5
DA:65,11
DA:66,29
DA:67,77
DA:68,25
DA:71,4
DA:74,11
DA:75,0
DA:77,0
DA:85,0
DA:86,0
DA:87,0
DA:89,0
DA:92,11
DA:94,0
DA:95,0
DA:97,0
DA:105,0
DA:107,0
DA:108,0
DA:113,0
DA:114,0
DA:116,0
DA:117,0
DA:119,0
DA:120,0
DA:123,11
DA:124,4
DA:125,1
DA:128,11
DA:151,7
DA:169,4
LF:55
LH:29
BRDA:67,0,0,25
BRDA:67,0,1,52
BRDA:108,1,0,0
BRDA:108,1,1,0
BRDA:139,2,0,4
BRDA:139,2,1,7
BRDA:151,3,0,1
BRDA:151,3,1,6
BRDA:169,4,0,2
BRDA:169,4,1,2
BRF:10
BRH:8
end_of_record
TN:
SF:src/util/context.js
FNF:0
FNH:0
DA:3,8
LF:1
LH:1
BRF:0
BRH:0
end_of_record
TN:
SF:src/util/useBooks.js
FN:3,(anonymous_0)
FN:8,(anonymous_1)
FN:9,(anonymous_2)
FN:14,(anonymous_3)
FN:19,(anonymous_4)
FN:32,(anonymous_5)
FN:38,(anonymous_6)
FN:51,(anonymous_7)
FN:57,(anonymous_8)
FNF:9
FNH:0
FNDA:0,(anonymous_0)
FNDA:0,(anonymous_1)
FNDA:0,(anonymous_2)
FNDA:0,(anonymous_3)
FNDA:0,(anonymous_4)
FNDA:0,(anonymous_5)
FNDA:0,(anonymous_6)
FNDA:0,(anonymous_7)
FNDA:0,(anonymous_8)
DA:3,0
DA:4,0
DA:5,0
DA:6,0
DA:8,0
DA:9,0
DA:10,0
DA:11,0
DA:14,0
DA:15,0
DA:16,0
DA:19,0
DA:20,0
DA:21,0
DA:24,0
DA:25,0
DA:26,0
DA:29,0
DA:32,0
DA:33,0
DA:34,0
DA:35,0
DA:38,0
DA:39,0
DA:40,0
DA:41,0
DA:42,0
DA:43,0
DA:44,0
DA:45,0
DA:48,0
DA:51,0
DA:52,0
DA:53,0
DA:54,0
DA:57,0
DA:58,0
DA:59,0
DA:61,0
LF:39
LH:0
BRF:0
BRH:0
end_of_record
TN:
SF:src/util/useSearch.js
FN:3,(anonymous_0)
FN:7,(anonymous_1)
FN:9,(anonymous_2)
FN:23,(anonymous_3)
FNF:4
FNH:0
FNDA:0,(anonymous_0)
FNDA:0,(anonymous_1)
FNDA:0,(anonymous_2)
FNDA:0,(anonymous_3)
DA:3,0
DA:4,0
DA:5,0
DA:7,0
DA:8,0
DA:9,0
DA:10,0
DA:16,0
DA:19,0
DA:23,0
DA:24,0
DA:27,0
LF:12
LH:0
BRDA:8,0,0,0
BRDA:8,0,1,0
BRF:2
BRH:0
end_of_record
